1576327735577	mozrunner::runner	INFO	Running command: "C:\\Program Files (x86)\\Mozilla Firefox\\firefox.exe" "-marionette" "-foreground" "-no-remote" "-profile" "C:\\Users\\saket\\AppData\\Local\\Temp\\rust_mozprofile.ZQvZLlfehPU0"
1576327742904	addons.webextension.screenshots@mozilla.org	WARN	Loading extension 'screenshots@mozilla.org': Reading manifest: Invalid extension permission: mozillaAddons
1576327742905	addons.webextension.screenshots@mozilla.org	WARN	Loading extension 'screenshots@mozilla.org': Reading manifest: Invalid extension permission: telemetry
1576327742905	addons.webextension.screenshots@mozilla.org	WARN	Loading extension 'screenshots@mozilla.org': Reading manifest: Invalid extension permission: resource://pdf.js/
1576327742906	addons.webextension.screenshots@mozilla.org	WARN	Loading extension 'screenshots@mozilla.org': Reading manifest: Invalid extension permission: about:reader*
JavaScript error: resource://gre/modules/XULStore.jsm, line 66: Error: Can't find profile directory.
1576327759991	Marionette	INFO	Listening on port 1718
1576327760384	Marionette	WARN	TLS certificate errors will be ignored for this session
[Parent 19884, Gecko_IOThread] WARNING: pipe error: 109: file z:/task_1575282935/build/src/ipc/chromium/src/chrome/common/ipc_channel_win.cc, line 341
[Child 19556, Chrome_ChildThread] WARNING: pipe error: 109: file z:/task_1575282935/build/src/ipc/chromium/src/chrome/common/ipc_channel_win.cc, line 341
[Parent 19884, Gecko_IOThread] WARNING: pipe error: 109: file z:/task_1575282935/build/src/ipc/chromium/src/chrome/common/ipc_channel_win.cc, line 341
1576328733909	Marionette	INFO	Stopped listening on port 1718

###!!! [Child][MessageChannel::SendAndWait] Error: Channel error: cannot send/recv

enshots@mozilla.org	WARN	Loading extension 'screenshots@mozilla.org': Reading manifest: Invalid extension permission: resource://pdf.js/
1576327800232	addons.webextension.screenshots@mozilla.org	WARN	Loading extension 'screenshots@mozilla.org': Reading manifest: Invalid extension permission: about:reader*
JavaScript error: resource://gre/modules/XULStore.jsm, line 66: Error: Can't find profile directory.
[Child 18108, Chrome_ChildThread] WARNING: pipe error: 109: file z:/task_1575282935/build/src/ipc/chromium/src/chrome/common/ipc_channel_win.cc, line 341
[Child 18108, Chrome_ChildThread] WARNING: pipe error: 109: file z:/task_1575282935/build/src/ipc/chromium/src/chrome/common/ipc_channel_win.cc, line 341
1576327818800	Marionette	INFO	Listening on port 1915
1576327819172	Marionette	WARN	TLS certificate errors will be ignored for this session
[Parent 7812, Gecko_IOThread] WARNING: pipe error: 109: file z:/task_1575282935/build/src/ipc/chromium/src/chrome/common/ipc_channel_win.cc, line 341
IPDL protocol error: Handler returned error code!

###!!! [Parent][DispatchAsyncMessage] Error: PLayerTransaction::Msg_ReleaseLayer Processing error: message was deserialized, but the handler returned false (indicating failure)

[Parent 7812, Gecko_IOThread] WARNING: pipe error: 109: file z:/task_1575282935/build/src/ipc/chromium/src/chrome/common/ipc_channel_win.cc, line 341
[Child 1896, Chrome_ChildThread] WARNING: pipe error: 109: file z:/task_1575282935/build/src/ipc/chromium/src/chrome/common/ipc_channel_win.cc, line 341
[Child 1896, Chrome_ChildThread] WARNING: pipe error: 109: file z:/task_1575282935/build/src/ipc/chromium/src/chrome/common/ipc_channel_win.cc, line 341
1576328734745	Marionette	INFO	Stopped listening on port 1915

###!!! [Child][RunMessage] Error: Channel closing: too late to send/recv, messages will be lost

[GPU 18
###!!! [Child][MessageChannel::SendAndWait] Error: Channel error: cannot send/recv

RN	TLS certificate errors will be ignored for this session
[Child 6776, Chrome_ChildThread] WARNING: pipe error: 109: file z:/task_1575282935/build/src/ipc/chromium/src/chrome/common/ipc_channel_win.cc, line 341
[Child 6776, Chrome_Child
###!!! [Child][MessageChannel] Error: (msgtype=0x660029,name=PNecko::Msg_RemoveRequestContext) Channel closing: too late to send/recv, messages will be lost


###!!! [Child][RunMessage] Error: Channel closing: too late to send/recv, messages will be lost


###!!! [Child][RunMessage] Error: Channel closing: too late to send/recv, messages will be lost


###!!! [Child][RunMessage] Error: Channel closing: too late to send/recv, messages will be lost

[Parent 20152, Gecko_IOThread] WARNING: pipe error: 109: file z:/task_1575282935/build/src/ipc/chromium/src/chrome/common/ipc_channel_win.cc, line 341
JavaScript error: , line 0: AbortError: A request was aborted, for example through a call to IDBTransaction.abort.
1576328733802	Marionette	INFO	Stopped listening on port 2254

###!!! [Child][RunMessage] Error: Channel closing: too late to send/recv, messages will be lost

[GPU 19376, Chrom
###!!! [Child][MessageChannel::SendAndWait] Error: Channel error: cannot send/recv

o_IOThread] WARNING: pipe error: 109: file z:/task_1575282935/build/src/ipc/chromium/src/chrome/common/ipc_channel_win.cc, line 341
[Child 8664, Chrome_ChildThread] WARNING: pipe error: 109: file z:/task_1575282935/build/src/ipc/chromium/src/chrome/common/ipc_channel_win.cc, line 341
[Parent 17828, Gecko_IOThread] WARNING: pipe error: 109: file z:/task_1575282935/build/src/ipc/chromium/src/chrome/common/ipc_channel_win.cc, line 341
[Child 17680, Chrome_ChildThread] WARNING: pipe error: 109: file z:/task_1575282935/build/src/ipc/chromium/src/chrome/common/ipc_channel_win.cc, line 341
[Child 17680, Chrome_ChildThread] WARNING: pipe error: [Parent 17828, Gecko_IOThread] WARNING: pipe error: 109: file z:/task_1575282935/build/src/ipc/chromium/src/chrome/common/ipc_channel_win.cc, line 341
[Child 20036, Chrome_ChildThread] WARNING: pipe error: 109: file z:/task_1575282935/build/src/ipc/chromium/src/chrome/common/ipc_channel_win.cc, line 341
[Child 20036, Chrome_ChildThread] WARNING: pipe error: 109: file z:/task_1575282935/build/src/ipc/c1576328733812	Marionette	INFO	Stopped listening on port 2575

###!!! [Child][RunMessage] Error: Channel closing: too late to send/recv, messages will be lost


###!!! [Child][MessageChannel::SendAndWait] Error: Channel error: cannot send/recv

4, Chrome_ChildThread] WARNING: pip[Child 18472, Chrome_ChildThread] WARNING: pipe error: 109: file z:/task_1575282935/build/src/ipc/chromium/src/chrome/common/ipc_channel_win.cc, line 341
[Child1576328733836	Marionette	INFO	Stopped listening on port 2829

###!!! [Child][MessageChannel::SendAndWait] Error: Channel error: cannot send/recv

: Reading manifest: Invalid extension permission: telemetry
1576328387601	addons.webextension.screenshots@mozilla.org	WARN	Loading extension 'screenshots@mozilla.org': Reading manifest: Invalid extension permission: resource://pdf.js/
1576328387601	addons.webextension.screenshots@mozilla.org	WARN	Loading extension 'screenshots@mozilla.org': Reading manifest: Invalid extension permission: about:reader*
JavaScript error: resource://gre/modules/XULStore.jsm, line 66: Error: Can't find profile directory.
1576328396312	Marionette	INFO	Listening on port 2977
1576328396373	Marionette	WARN	TLS certificate errors will be ignored for this session
[Parent 2660, Gecko_IOThread] WARNING: pipe error: 109: file z:/task_1575282935/build/src/ipc/chromium/src/chrome/common/ipc_channel_win.cc, line 341
[Child 6428, Chrome_ChildThread] WARNING: pipe error: 109: file z:/task_1575282935/build/src/ipc/chromium/src/chrome/common/ipc_channel_win.cc, line 341
[Chi[Child 8936, Chrome_ChildThread] WARNING: pipe error: 109: file z:/task_1575282935/build/src/ipc/chromium/src/chrome/common/ipc_channel_win.cc, line 341
[Parent 2660, Gecko_IOThread] WARNING: pipe error: 109: file z:/task_1575282935/build/src/ipc/chromium/src/chrome/common/ipc_channel_win.cc, line 341
[Child 14836, Chrome_ChildThread] WARNING: pipe error: 109: file z:/task_1575282935/build/src/ipc/chromium/src/chrome/common/ipc_channel_win.cc, line 341
[Chil1576328733952	Marionette	INFO	Stopped listening on port 2977

###!!! [Child][MessageChannel::SendAndWait] Error: Channel error: cannot send/recv

8581012	mozrunner::runner	INFO	Running command: "C:\\Program Files (x86)\\Mozilla Firefox\\firefox.exe" "-marionette" "-foreground" "-no-remote" "-profile" "C:\\Users\\saket\\AppData\\Local\\Temp\\rust_mozprofile.feMHfk1YkDT0"
1576328582799	addons.webextension.screenshots@mozilla.org	WARN	Loading extension 'screenshots@mozilla.org': Reading manifest: Invalid extension permission: mozillaAddons
1576328582800	addons.webextension.screenshots@mozilla.org	WARN	Loading extension 'screenshots@mozilla.org': Reading manifest: Invalid extension permission: telemetry
1576328582800	addons.webextension.screenshots@mozilla.org	WARN	Loading extension 'screenshots@mozilla.org': Reading manifest: Invalid extension permission: resource://pdf.js/
1576328582800	addons.webextension.screenshots@mozilla.org	WARN	Loading extension 'screenshots@mozilla.org': Reading manifest: Invalid extension permission: about:reader*
JavaScript error: resource://gre/modules/XULStore.jsm, line 66: Error: Can't find profile directory.
1576328590628	Marionette	INFO	Listening on port 3315
1576328590924	Marionette	WARN	TLS certificate errors will be ignored for this session
[Parent 15528, Gecko_IOThread] WARNING: pipe error: 109: file z:/task_1575282935/build/src/ipc/chromium/src/chrome/common/ipc_channel_win.cc, line 341
[Child 8624, Chrome_ChildThread] WARNING: pipe error: 109: file z:/task_1575282935/build/src/ipc/chromium/src/chrome/common/ipc_channel_win.cc, line 341
[Child 7172, Chrome_ChildThread] WARNING: pipe error: 109: file z:/task_1575282935/build/src/ipc/chromium/src/chrome/common/ipc_channel_win.cc, line 341
[Child 7172, Chrome_ChildThread] WARNING: pipe error: 109: file z:/task_1575282935/build/src/ipc/chromium/src/chrome/common/ipc_channel_win.cc, line 341
[Parent 15528, Gecko_IOThread] WARNING: pipe error: 109: file z:/task_1575282935/build/src/ipc/chromium/src/chrome/common/ipc_channel_win.cc, line 341
1576328733831	Marionette	INFO	Stopped listening on port 3315

###!!! [Child][MessageChannel::SendAndWait] Error: Channel error: cannot send/recv

1576328745669	mozrunner::runner	INFO	Running command: "C:\\Program Files (x86)\\Mozilla Firefox\\firefox.exe" "-marionette" "-foreground" "-no-remote" "-profile" "C:\\Users\\saket\\AppData\\Local\\Temp\\rust_mozprofile.X1Gzh0wtNH6d"
1576328747457	addons.webextension.screenshots@mozilla.org	WARN	Loading extension 'screenshots@mozilla.org': Reading manifest: Invalid extension permission: mozillaAddons
1576328747457	addons.webextension.screenshots@mozilla.org	WARN	Loading extension 'screenshots@mozilla.org': Reading manifest: Invalid extension permission: telemetry
1576328747458	addons.webextension.screenshots@mozilla.org	WARN	Loading extension 'screenshots@mozilla.org': Reading manifest: Invalid extension permission: resource://pdf.js/
1576328747458	addons.webextension.screenshots@mozilla.org	WARN	Loading extension 'screenshots@mozilla.org': Reading manifest: Invalid extension permission: about:reader*
JavaScript error: resource://gre/modules/XULStore.jsm, line 66: Error: Can't find profile directory.
1576328754270	Marionette	INFO	Listening on port 3599
1576328754518	Marionette	WARN	TLS certificate errors will be ignored for this session
1576328761573	Marionette	WARN	TimedPromise timed out after 500 ms: stacktrace:
bail@chrome://marionette/content/sync.js:237:64
IPDL protocol error: Handler returned error code!

###!!! [Parent][DispatchAsyncMessage] Error: PLayerTransaction::Msg_ReleaseLayer Processing error: message was deserialized, but the handler returned false (indicating failure)

JavaScript error: https://www.amazon.in/NOKIA-105-2019-Dual-Black/dp/B07WXW8V4X/ref=sxin_0_ac_d_rm?ac_md=0-0-bm9raWEgbW9iaWxl-ac_d_rm&keywords=nokia+mobile&pd_rd_i=B07WXW8V4X&pd_rd_r=cdb8771a-76f3-4695-9617-082729543577&pd_rd_w=Xnt0t&pd_rd_wg=ymYtE&pf_rd_p=aef9415f-16f8-4be2-9ed4-065b92d5b4d1&pf_rd_r=XATK9BN99QHKTE0ZJT3A&psc=1&qid=1576328760, line 73: NS_ERROR_UNEXPECTED: 
[Parent 3108, Gecko_IOThread] WARNING: pipe error: 109: file z:/task_1575282935/build/src/ipc/chromium/src/chrome/common/ipc_channel_win.cc, line 341
[[Parent 3108, Gecko_IOThread] WARNING: pipe error: 109: file z:/task_1575282935/build/src/ipc/chromium/src/chrome/common/ipc_channel_win.cc, line 341
[Child 17092, Chrome_ChildThread] WARNING: pipe error: 109: file z:/task_1575282935/build/src/ipc/chromium/src/chrome/common/ipc_channel_win.cc, line 341
[Child 17092, Chrome_ChildThread] WARNING: pipe error: 109: file z:/task_JavaScript error: , line 0: UnknownError: The operation failed for reasons unrelated to the database itself and not covered by any other error code.
1576329128548	Marionette	INFO	Stopped listening on port 3599

###!!! [Child][RunMessage] Error: Channel closing: too late to send/recv, messages will be lost


###!!! [Child][MessageChannel::SendAndWait] Error: Channel error: cannot send/recv

1576329356912	mozrunner::runner	INFO	Running command: "C:\\Program Files (x86)\\Mozilla Firefox\\firefox.exe" "-marionette" "-foreground" "-no-remote" "-profile" "C:\\Users\\saket\\AppData\\Local\\Temp\\rust_mozprofile.AYdHTx1VdcuR"
1576329358928	addons.webextension.screenshots@mozilla.org	WARN	Loading extension 'screenshots@mozilla.org': Reading manifest: Invalid extension permission: mozillaAddons
1576329358928	addons.webextension.screenshots@mozilla.org	WARN	Loading extension 'screenshots@mozilla.org': Reading manifest: Invalid extension permission: telemetry
1576329358929	addons.webextension.screenshots@mozilla.org	WARN	Loading extension 'screenshots@mozilla.org': Reading manifest: Invalid extension permission: resource://pdf.js/
1576329358929	addons.webextension.screenshots@mozilla.org	WARN	Loading extension 'screenshots@mozilla.org': Reading manifest: Invalid extension permission: about:reader*
JavaScript error: resource://gre/modules/XULStore.jsm, line 66: Error: Can't find profile directory.
[Child 19196, Chrome_ChildThread] WARNING: pipe error: 109: file z:/task_1575282935/build/src/ipc/chromium/src/chrome/common/ipc_channel_win.cc, line 341
[Chil1576329374857	Marionette	INFO	Listening on port 4444
1576329375161	Marionette	WARN	TLS certificate errors will be ignored for this session
[Child 19256, Chrome_ChildThread] WARNING: pipe error: 109: file z:/task_1575282935/build/src/ipc/chromium/src/chrome/common/ipc_channel_win.cc, line 341
[Child 1[Child 12576, Chrome_ChildThread] WARNING: pipe error: 109: file z:/task_1575282935/build/src/ipc/chromium/src/chrome/common/ipc_channel_win.cc, line 341
[Child 12576,[Parent 20596, Gecko_IOThread] WARNING: pipe error: 109: file z:/task_1575282935/build/src/ipc/chromium/src/chrome/common/ipc_channel_win.cc, line 341
1576329409607	Marionette	INFO	Stopped listening on port 4444
[GP
###!!! [Child][RunMessage] Error: Channel closing: too late to send/recv, messages will be lost


###!!! [Child][MessageChannel::SendAndWait] Error: Channel error: cannot send/recv

1576329706383	mozrunner::runner	INFO	Running command: "C:\\Program Files (x86)\\Mozilla Firefox\\firefox.exe" "-marionette" "-foreground" "-no-remote" "-profile" "C:\\Users\\saket\\AppData\\Local\\Temp\\rust_mozprofile.tJ70RMhvdCBd"
1576329708393	addons.webextension.screenshots@mozilla.org	WARN	Loading extension 'screenshots@mozilla.org': Reading manifest: Invalid extension permission: mozillaAddons
1576329708393	addons.webextension.screenshots@mozilla.org	WARN	Loading extension 'screenshots@mozilla.org': Reading manifest: Invalid extension permission: telemetry
1576329708394	addons.webextension.screenshots@mozilla.org	WARN	Loading extension 'screenshots@mozilla.org': Reading manifest: Invalid extension permission: resource://pdf.js/
1576329708394	addons.webextension.screenshots@mozilla.org	WARN	Loading extension 'screenshots@mozilla.org': Reading manifest: Invalid extension permission: about:reader*
JavaScript error: resource://gre/modules/XULStore.jsm, line 66: Error: Can't find profile directory.
1576329717560	Marionette	INFO	Listening on port 4857
1576329718006	Marionette	WARN	TLS certificate errors will be ignored for this session
[Parent 3108, Gecko_IOThread] WARNING: pipe error: 109: file z:/task_1575282935/build/src/ipc/chromium/src/chrome/common/ipc_channel_win.cc, line 341
[Parent 3108, Gecko_IOThread] WARNING: pipe error: 109: file z:/task_1575282935/build/src/ipc/chromium/src/chrome/common/ipc_channel_win.cc, line 341
[Child 8212, Chrome_ChildThread] WARNING: pipe error: 109: file z:/task_1575282935/build/src/ipc/chromium/src/chrome/common/ipc_channel_win.cc, line 341
[Child 8212, Chrome_ChildThread] WARNING: p[Parent 3108, Gecko_IOThread] WARNING: pipe error: 109: file z:/task_1575282935/build/src/ipc/chromium/src/chrome/common/ipc_channel_win.cc, line 341
[Child 3896, Chrome_ChildThread] WARNING: pipe error: 109: file z:/task_1575282935/build/src/ipc/chromium/src/chrome/common/ipc_channel_win.cc, line 341
[Chi1576330648687	Marionette	INFO	Stopped listening on port 4857

###!!! [Child][RunMessage] Error: Channel error: cannot send/recv


###!!! [Child][MessageChannel::SendAndWait] Error: Channel error: cannot send/recv

5208	Marionette	INFO	Listening on port 5005
1576329765528	Marionette	WARN	TLS certificate errors will be ignored for this session
[Parent 21312, Gecko_IOThread] WARNING: pipe error: 109: file z:/task_1575282935/build/src/ipc/chromium/src/chrome/common/ipc_channel_win.cc, line 341
[Child 19800, Chrome_ChildThread] WARNING: pipe error: 109: file z:/task_1575282935/build/src/ipc/chromium/src/chrome/common/ipc_channel_win.cc, line 341
[Child 198[Parent 21312, Gecko_IOThread] WARNING: pipe error: 109: file z:/task_1575282935/build/src/ipc/chromium/src/chrome/common/ipc_channel_win.cc, line 341
[Child 20244, Chrome_ChildThread] WARNING: pipe error: 109: file z:/task_1575282935/build/src/ipc/chromium/src/chrome/common/ipc_channel_win.cc, line 341
[Child 20244, Chrome_ChildThread] WARNING: pipe1576329825242	Marionette	INFO	Stopped listening on port 5005
[GPU 156
###!!! [Child][MessageChannel::SendAndWait] Error: Channel error: cannot send/recv

1576329887598	mozrunner::runner	INFO	Running command: "C:\\Program Files (x86)\\Mozilla Firefox\\firefox.exe" "-marionette" "-foreground" "-no-remote" "-profile" "C:\\Users\\saket\\AppData\\Local\\Temp\\rust_mozprofile.RjDWVCkhXlNG"
1576329889549	addons.webextension.screenshots@mozilla.org	WARN	Loading extension 'screenshots@mozilla.org': Reading manifest: Invalid extension permission: mozillaAddons
1576329889549	addons.webextension.screenshots@mozilla.org	WARN	Loading extension 'screenshots@mozilla.org': Reading manifest: Invalid extension permission: telemetry
1576329889549	addons.webextension.screenshots@mozilla.org	WARN	Loading extension 'screenshots@mozilla.org': Reading manifest: Invalid extension permission: resource://pdf.js/
1576329889549	addons.webextension.screenshots@mozilla.org	WARN	Loading extension 'screenshots@mozilla.org': Reading manifest: Invalid extension permission: about:reader*
JavaScript error: resource://gre/modules/XULStore.jsm, line 66: Error: Can't find profile directory.
1576329897138	Marionette	INFO	Listening on port 5250
1576329897582	Marionette	WARN	TLS certificate errors will be ignored for this session
JavaScript error: resource://gre/modules/LoginManagerContent.jsm, line 179: NS_ERROR_FAILURE: Component returned failure code: 0x80004005 (NS_ERROR_FAILURE) [nsIAutoCompleteController.getStyleAt]
[Parent 17340, Gecko_IOThread] WARNING: pipe error: 109: file z:/task_1575282935/build/src/ipc/chromium/src/chrome/common/ipc_channel_win.cc, line 341
[Child 18692, Chrome_ChildThread] WARNING: pipe error: 109: file z:/task_1575282935/build/src/ipc/chromium/src/chrome/common/ipc_channel_win.cc, line 341
[Child 1861576330640200	addons.xpi-utils	WARN	Error: XPI database modified after shutdown began(resource://gre/modules/addons/XPIDatabase.jsm:1478:17) JS Stack trace: saveChanges@XPIDatabase.jsm:1478:17
verifySignatures@XPIDatabase.jsm:1822:12
[Parent 17340, Gecko_IOThread] WARNING: pipe error: 109: file z:/task_1575282935/build/src/ipc/chromium/src/chrome/common/ipc_channel_win.cc, line 341
[Child 20404, Chrome_ChildThread] WARNING: pipe error: 109: file z:/task_1575282935/build/src/ipc/chromium/src/chrome/common/ipc_channel_win.cc, line 341
[ChiJavaScript error: , line 0: AbortError: A request was aborted, for example through a call to IDBTransaction.abort.
1576330651041	Marionette	INFO	Stopped listening on port 5250

###!!! [Child][MessageChannel::SendAndWait] Error: Channel error: cannot send/recv

l be ignored for this session
[Parent 20524, Gecko_IOThread] WARNING: pipe error: 109: file z:/task_1575282935/build/src/ipc/chromium/src/chrome/common/ipc_channel_win.cc, line 341
[Child 1008, Chrome_ChildThread] WARNING: pipe error: 109: file z:/task_1575282935/build/src/ipc/chromium/src/chrome/common/ipc_channel_win.cc, line 341
[Child 1008, Chrom[Parent 20524, Gecko_IOThread] WARNING: pipe error: 109: file z:/task_1575282935/build/src/ipc/chromium/src/chrome/common/ipc_channel_win.cc, line 341
[Child 16912, Chrome_ChildThread] WARNING: p[Parent 20524, Gecko_IOThread] WARNING: pipe error: 109: file z:/task_1575282935/build/src/ipc/chromium/src/chrome/common/ipc_channel_win.cc, line 341
[Child 12916, Chrome_ChildThread] WARNING: pipe error: 109: file z:/task_1575282935/build/src/ipc/chromium/src/chrome/common/ipc_channel_win.cc, line 341
[Chi1576330648744	Marionette	INFO	Stopped listening on port 5498

###!!! [Child][RunMessage] Error: Channel closing: too late to send/recv, messages will be lost


###!!! [Child][MessageChannel::SendAndWait] Error: Channel error: cannot send/recv

30328	Marionette	WARN	TLS certificate errors will be ignored for this session
[Child 11940, Chrome_ChildThread] WARNING: pipe error: 109: file z:/task_1575282935/build/src/ipc/chromium/src/chrome/common/ipc_channel_win.cc, line 341
[C[Parent 22088, Gecko_IOThread] WARNING: pipe error: 109: file z:/task_1575282935/build/src/ipc/chromium/src/chrome/common/ipc_channel_win.cc, line 341
WARNING: At least one completion condition is taking too long to complete. Conditions: [{"name":"CrashMonitor: Writing notifications to file after receiving profile-before-change","state":"(none)","filename":"resource://gre/modules/CrashMonitor.jsm","lineNumber":176,"stack":["resource://gre/modules/CrashMonitor.jsm:init:176","resource://gre/modules/nsCrashMonitor.jsm:observe:19"]}] Barrier: OS.File: Waiting for clients before profileBeforeChange
WARNING: At least one completion condition is taking too long to complete. Conditions: [{"name":"OS.File: flush I/O queued before profileBeforeChange","state":{"launched":true,"shutdown":false,"worker":true,"pendingReset":false,"latestSent":["Sat Dec 14 2019 19:07:25 GMT+0530 (India Standard Time)","exists"],"latestReceived":["Sat Dec 14 2019 19:07:25 GMT+0530 (India Standard Time)",null],"messagesSent":126,"messagesReceived":126,"messagesQueued":126,"DEBUG":false,"clients":[{"name":"CrashMonitor: Writing notifications to file after receiving profile-before-change","state":"(none)","filename":"resource://gre/modules/CrashMonitor.jsm","lineNumber":176,"stack":["resource://gre/modules/CrashMonitor.jsmJavaScript error: , line 0: AbortError: A request was aborted, for example through a call to IDBTransaction.abort.
1576330649042	Marionette	INFO	Stopped listening on port 5853

###!!! [Child][MessageChannel::SendAndWait] Error: Channel error: cannot send/recv

e/osfile_async_front.jsm:null:1672","resource://gre/modules/osfile.jsm:null:11","resource://gre/modules/addons/GMPProvider.jsm:null:16","resource://gre/modules/AddonManager.jsm:startup:839","resource://gre/modules/AddonManager.jsm:startup:3534","resource://gre/modules/addonManager.js:observe:87"]},{"name":"Places Connection shutdown","state":{"progress":{}},"filename":"z:/task_1575282935/build/src/toolkit/components/places/Database.cpp","lineNumber":496,"stack":["resource://gre/modules/nsAsyncShutdown.jsm:addBlocker:162","resource://gre/modules/PlacesUtils.jsm:null:1939","resource://gre/modules/XPCOMUtils.jsm:get:129","resource://gre/modules/PlacesUtils.jsm:getFolderContents:1292","resource:///modules/BrowserGlue.jsm:getToolbarFolderCount:2724","resource:///modules/BrowserGlue.jsm:_maybeToggleBookmarkToolbarVisibility:2734","resource:///modules/BrowserGlue.jsm:BG__migrateUI:2775","resource:///modules/BrowserGlue.jsm:BG__beforeUIStartup:1212","resource:///modules/BrowserGlue.jsm:BG_observe:864"]}] Barrier: profile-before-change
JavaScript error: , line 0: AbortError: A request was aborted, for example through a call to IDBTransaction.abort.
1576330648854	Marionette	INFO	Stopped listening on port 5685

###!!! [Child][MessageChannel::SendAndWait] Error: Channel error: cannot send/recv

nnel closing: too late to send/recv, messages will be lost


###!!! [Child][MessageChannel::SendAndWait] Error: Channel error: cannot send/recv

1576330382920	mozrunner::runner	INFO	Running command: "C:\\Program Files (x86)\\Mozilla Firefox\\firefox.exe" "-marionette" "-foreground" "-no-remote" "-profile" "C:\\Users\\saket\\AppData\\Local\\Temp\\rust_mozprofile.x9HLIq0OQ3Me"
1576330385085	addons.webextension.screenshots@mozilla.org	WARN	Loading extension 'screenshots@mozilla.org': Reading manifest: Invalid extension permission: mozillaAddons
1576330385085	addons.webextension.screenshots@mozilla.org	WARN	Loading extension 'screenshots@mozilla.org': Reading manifest: Invalid extension permission: telemetry
1576330385085	addons.webextension.screenshots@mozilla.org	WARN	Loading extension 'screenshots@mozilla.org': Reading manifest: Invalid extension permission: resource://pdf.js/
1576330385085	addons.webextension.screenshots@mozilla.org	WARN	Loading extension 'screenshots@mozilla.org': Reading manifest: Invalid extension permission: about:reader*
JavaScript error: resource://gre/modules/XULStore.jsm, line 66: Error: Can't find profile directory.
1576330393382	Marionette	INFO	Listening on port 6266
1576330393718	Marionette	WARN	TLS certificate errors will be ignored for this session
[Child 15196, Chrome_ChildThread] WARNING: pipe error: 109: file z:/task_1575282935/build/src/ipc/chromium/src/chrome/common/ipc_channel_win.cc, line 341
[Child 15196, Chrome_ChildThread] WARNING: pipe error: 109: file z:/task_1575282935/build/src/ipc/chromium/src/chrome/common/ipc_channel_win.cc, line 341
[Child 4000, Chrome_ChildThread] WARNING: pipe error: 109: file z:/task_1575282935/build/src/ipc/chromium/src/chrome/common/ipc_channel_win.cc, line 341
[Child 4000[Parent 20676, Gecko_IOThread] WARNING: pipe error: 109: file z:/task_1575282935/build/src/ipc/chromium/src/chrome/common/ipc_channel_win.cc, line 341
[Child 11728, Chrome_ChildThread] WARNING: pipe error: 109: file z:/task_1575282935/build/src/ipc/chromium/src/chrome/common/ipc_channel_win.cc, line 341
[Chi1576330429264	Marionette	INFO	Stopped listening on port 6266

###!!! [Child][RunMessage] Error: Channel closing: too late to send/recv, messages will be lost

[GPU 2
###!!! [Child][MessageChannel::SendAndWait] Error: Channel error: cannot send/recv

